<?xml version="1.0" encoding="UTF-8"?>
<testsuite xmlns:xsi="http://www.w3.org/2001/XMLSchema-instance" xsi:noNamespaceSchemaLocation="https://maven.apache.org/surefire/maven-surefire-plugin/xsd/surefire-test-report-3.0.xsd" version="3.0" name="com.liuxin.PersonalblogApplicationTests" time="0.216" tests="2" errors="1" skipped="0" failures="0">
  <properties>
[...]
</properties>
  <testcase name="testGenJWT" classname="com.liuxin.PersonalblogApplicationTests" time="0.182">
    <system-out><![CDATA[eyJhbGciOiJIUzI1NiJ9.eyJuYW1lIjoibGl1eGluIiwiaWQiOjEsImV4cCI6MTczMjYzNzU4NX0.fzU_3wDfaDD0V-gRJkMyXlifjXCuBVUYlea-hdXUUiA
]]></system-out>
  </testcase>
  <testcase name="testParseJWT" classname="com.liuxin.PersonalblogApplicationTests" time="0.018">
    <error message="JWT expired at 2024-11-26T15:04:25Z. Current time: 2024-11-26T23:13:05Z, a difference of 29320960 milliseconds.  Allowed clock skew: 0 milliseconds." type="io.jsonwebtoken.ExpiredJwtException"><![CDATA[io.jsonwebtoken.ExpiredJwtException: JWT expired at 2024-11-26T15:04:25Z. Current time: 2024-11-26T23:13:05Z, a difference of 29320960 milliseconds.  Allowed clock skew: 0 milliseconds.
	at io.jsonwebtoken.impl.DefaultJwtParser.parse(DefaultJwtParser.java:385)
	at io.jsonwebtoken.impl.DefaultJwtParser.parse(DefaultJwtParser.java:481)
	at io.jsonwebtoken.impl.DefaultJwtParser.parseClaimsJws(DefaultJwtParser.java:541)
	at com.liuxin.PersonalblogApplicationTests.testParseJWT(PersonalblogApplicationTests.java:33)
	at java.base/java.lang.reflect.Method.invoke(Method.java:580)
	at java.base/java.util.ArrayList.forEach(ArrayList.java:1596)
	at java.base/java.util.ArrayList.forEach(ArrayList.java:1596)
]]></error>
  </testcase>
</testsuite>